C51 COMPILER V9.01   IAP                                                                   04/26/2018 19:19:42 PAGE 1   


C51 COMPILER V9.01, COMPILATION OF MODULE IAP
OBJECT MODULE PLACED IN .\Output\IAP.obj
COMPILER INVOKED BY: C:\Keil\C51\BIN\C51.EXE Driver\IAP.c BROWSE INCDIR(.\Common;.\Driver;.\User) DEBUG OBJECTEXTEND PRI
                    -NT(.\Listing\IAP.lst) OBJECT(.\Output\IAP.obj)

line level    source

   1          
   2          #include "IAP.H"
   3          
   4          
   5          /***************************************************************
   6          ** 函数名称: STC_ISP
   7          ** 功能描述: STC12C5A60S2免断电烧录程序
   8          ** 输　入:   
   9          ** 输　出:   
  10          ** 全局变量: 
  11          ***************************************************************/
  12           void STC_ISP()
  13           {
  14   1          
  15   1              IN_OFF=1; //――2
  16   1      
  17   1          if(!IN_OFF){IAP_CONTR=0x60;} //判断串口是否有数据过来
  18   1        
  19   1       }
  20          
  21          


MODULE INFORMATION:   STATIC OVERLAYABLE
   CODE SIZE        =      9    ----
   CONSTANT SIZE    =   ----    ----
   XDATA SIZE       =   ----    ----
   PDATA SIZE       =   ----    ----
   DATA SIZE        =   ----    ----
   IDATA SIZE       =   ----    ----
   BIT SIZE         =   ----    ----
END OF MODULE INFORMATION.


C51 COMPILATION COMPLETE.  0 WARNING(S),  0 ERROR(S)
