C51 COMPILER V9.01   MPU6050                                                               04/26/2018 19:19:44 PAGE 1   


C51 COMPILER V9.01, COMPILATION OF MODULE MPU6050
OBJECT MODULE PLACED IN .\Output\MPU6050.obj
COMPILER INVOKED BY: C:\Keil\C51\BIN\C51.EXE Common\MPU6050.c BROWSE INCDIR(.\Common;.\Driver;.\User) DEBUG OBJECTEXTEND
                    - PRINT(.\Listing\MPU6050.lst) OBJECT(.\Output\MPU6050.obj)

line level    source

   1          
   2          #include "MPU6050.H"
   3          
   4          /***************************************************************
   5          ** 函数名称: MPU6050Init
   6          ** 功能描述: MPU6050初始化函数
   7          ** 输　入:   
   8          ** 输　出:   
   9          ** 全局变量: 
  10          ***************************************************************/
  11          void MPU6050Init(void)
  12          {
  13   1              Single_WriteI2C(PWR_MGMT_1, 0x00)  ; //解除休眠状态
  14   1              Single_WriteI2C(SMPLRT_DIV, 0x07)  ;
  15   1              Single_WriteI2C(CONFIG, 0x06)      ;
  16   1              Single_WriteI2C(GYRO_CONFIG, 0x18) ;
  17   1              Single_WriteI2C(ACCEL_CONFIG, 0x01);
  18   1      }
  19          
  20          
  21          
  22          
  23          
  24          
  25          
  26          


MODULE INFORMATION:   STATIC OVERLAYABLE
   CODE SIZE        =     35    ----
   CONSTANT SIZE    =   ----    ----
   XDATA SIZE       =   ----    ----
   PDATA SIZE       =   ----    ----
   DATA SIZE        =   ----    ----
   IDATA SIZE       =   ----    ----
   BIT SIZE         =   ----    ----
END OF MODULE INFORMATION.


C51 COMPILATION COMPLETE.  0 WARNING(S),  0 ERROR(S)
