C51 COMPILER V9.01   TIMER                                                                 04/26/2018 19:19:43 PAGE 1   


C51 COMPILER V9.01, COMPILATION OF MODULE TIMER
OBJECT MODULE PLACED IN .\Output\TIMER.obj
COMPILER INVOKED BY: C:\Keil\C51\BIN\C51.EXE Driver\TIMER.c BROWSE INCDIR(.\Common;.\Driver;.\User) DEBUG OBJECTEXTEND P
                    -RINT(.\Listing\TIMER.lst) OBJECT(.\Output\TIMER.obj)

line level    source

   1          
   2          #include "timer.h"
   3          
   4          /***************************************************************
   5          ** 函数名称: Timer0Init
   6          ** 功能描述: 计数器0初始化函数-对外部脉冲计数
   7          ** 输　入:   
   8          ** 输　出:   
   9          ** 全局变量: 
  10          ***************************************************************/
  11          void Timer0Init()
  12          {
  13   1      
  14   1          TMOD |= 0x05;       //定时器0用作计数器
  15   1                              //16位计数器，TL1、TH1全用
  16   1          TL0 = 0x00;             //设置计数初值
  17   1              TH0 = 0x00;             //设置计数初值
  18   1          TR0 = 1;                    //计数器T0开始计数
  19   1              ET0 = 1;            //允许计数器0中断 用于进位
  20   1      
  21   1      }
  22          
  23          /***************************************************************
  24          ** 函数名称: Timer1Init
  25          ** 功能描述: 定时器1初始化函数-采样周期10ms
  26          ** 输　入:   
  27          ** 输　出:   
  28          ** 全局变量: 
  29          ***************************************************************/
  30          void Timer1Init(void)   //10毫秒@20.000MHz
  31          {
  32   1              AUXR &= 0xBF;           //定时器时钟12T模式
  33   1              TMOD &= 0x0F;           //设置定时器模式
  34   1              TMOD |= 0x10;           //设置定时器模式
  35   1              TL1 = 0xE5;                 //设置定时初值
  36   1              TH1 = 0xBE;             //设置定时初值
  37   1              TF1 = 0;                    //清除TF1溢出标志
  38   1              TR1 = 1;                    //定时器T1开始计时
  39   1              ET1 = 1;            //允许定时器T1中断
  40   1      }
  41          
  42          
  43          


MODULE INFORMATION:   STATIC OVERLAYABLE
   CODE SIZE        =     35    ----
   CONSTANT SIZE    =   ----    ----
   XDATA SIZE       =   ----    ----
   PDATA SIZE       =   ----    ----
   DATA SIZE        =   ----    ----
   IDATA SIZE       =   ----    ----
   BIT SIZE         =   ----    ----
END OF MODULE INFORMATION.

C51 COMPILER V9.01   TIMER                                                                 04/26/2018 19:19:43 PAGE 2   


C51 COMPILATION COMPLETE.  0 WARNING(S),  0 ERROR(S)
